<?xml version="1.0" encoding="UTF-8"?>
<!-- Generated by org.testng.reporters.JUnitReportReporter -->
<testsuite skipped="0" hostname="Nas" name="com.geico.qa.test.auto.AutoTestClass" tests="1" failures="0" timestamp="2022-07-25T12:54:27 EDT" time="41.248" errors="0">
  <testcase name="getAAutoQuote" time="41.248" classname="com.geico.qa.test.auto.AutoTestClass"/>
  <system-out>
11418 : This values has been passed into ---> [[FirefoxDriver: firefox on WINDOWS (7832c46d-b667-4b7e-82c3-bab18f91aa7a)] -> id: ssp-service-zip]<br> Proxy element for: DefaultElementLocator 'By.xpath: //div[@class='card' and @data-product='auto']' ---> This element has been clicked<br> [[FirefoxDriver: firefox on WINDOWS (7832c46d-b667-4b7e-82c3-bab18f91aa7a)] -> xpath: //a[text()='Start My Quote']] ---> This element has been clicked<br> Proxy element for: DefaultElementLocator 'By.xpath: (//input[@value='Continue'])[1]' ---> This element has been clicked<br> [[FirefoxDriver: firefox on WINDOWS (7832c46d-b667-4b7e-82c3-bab18f91aa7a)] -> tag name: h4] ---> This element has text : About You<br> Current URL is : https://sales.geico.com/quote<br>  </system-out>
</testsuite> <!-- com.geico.qa.test.auto.AutoTestClass -->
